#
# There is insufficient memory for the Java Runtime Environment to continue.
# Native memory allocation (mmap) failed to map 536870912 bytes for G1 virtual space
# Possible reasons:
#   The system is out of physical RAM or swap space
#   The process is running with CompressedOops enabled, and the Java Heap may be blocking the growth of the native heap
# Possible solutions:
#   Reduce memory load on the system
#   Increase physical memory or swap space
#   Check if swap backing store is full
#   Decrease Java heap size (-Xmx/-Xms)
#   Decrease number of Java threads
#   Decrease Java thread stack sizes (-Xss)
#   Set larger code cache with -XX:ReservedCodeCacheSize=
#   JVM is running with Zero Based Compressed Oops mode in which the Java heap is
#     placed in the first 32GB address space. The Java Heap base address is the
#     maximum limit for the native heap growth. Please use -XX:HeapBaseMinAddress
#     to set the Java Heap base and to place the Java Heap above 32GB virtual address.
# This output file may be truncated or incomplete.
#
#  Out of Memory Error (os_windows.cpp:3753), pid=35612, tid=32884
#
# JRE version:  (17.0.4+7) (build )
# Java VM: OpenJDK 64-Bit Server VM (17.0.4+7-b469.53, mixed mode, sharing, tiered, compressed oops, compressed class ptrs, g1 gc, windows-amd64)
# No core dump will be written. Minidumps are not enabled by default on client versions of Windows
#

---------------  S U M M A R Y ------------

Command Line: git4idea.http.GitAskPassApp Username for 'https://github.com': 

Host: AMD Ryzen 9 3900XT 12-Core Processor           , 24 cores, 31G,  Windows 10 , 64 bit Build 19041 (10.0.19041.1889)
Time: Sat Oct 29 00:52:24 2022 RTZ 2 (s 10 , 64 bit Build 19041 (10.0.19041.1889) elapsed time: 0.012151 seconds (0d 0h 0m 0s)

---------------  T H R E A D  ---------------

Current thread (0x0000029de7af1000):  JavaThread "Unknown thread" [_thread_in_vm, id=32884, stack(0x000000d0c8200000,0x000000d0c8300000)]

Stack: [0x000000d0c8200000,0x000000d0c8300000]
Native frames: (J=compiled Java code, j=interpreted, Vv=VM code, C=native code)
V  [jvm.dll+0x68348a]
V  [jvm.dll+0x83faf4]
V  [jvm.dll+0x84129e]
V  [jvm.dll+0x841903]
V  [jvm.dll+0x2494a5]
V  [jvm.dll+0x680359]
V  [jvm.dll+0x67499a]
V  [jvm.dll+0x3092db]
V  [jvm.dll+0x310796]
V  [jvm.dll+0x36077e]
V  [jvm.dll+0x3609af]
V  [jvm.dll+0x2df3c8]
V  [jvm.dll+0x2e0334]
V  [jvm.dll+0x8112e1]
V  [jvm.dll+0x36e5d1]
V  [jvm.dll+0x7f06bc]
V  [jvm.dll+0x3f16ef]
V  [jvm.dll+0x3f3231]
C  [jli.dll+0x526b]
C  [ucrtbase.dll+0x21bb2]
C  [KERNEL32.DLL+0x17034]
C  [ntdll.dll+0x526a1]


---------------  P R O C E S S  ---------------

Threads class SMR info:
_java_thread_list=0x00007ffbc6307f18, length=0, elements={
}

Java Threads: ( => current thread )

Other Threads:
  0x0000029de7ba4610 GCTaskThread "GC Thread#0" [stack: 0x000000d0c8300000,0x000000d0c8400000] [id=27260]
  0x0000029de7b0fb60 ConcurrentGCThread "G1 Main Marker" [stack: 0x000000d0c8400000,0x000000d0c8500000] [id=26496]
  0x0000029de7bb63b0 ConcurrentGCThread "G1 Conc#0" [stack: 0x000000d0c8500000,0x000000d0c8600000] [id=10800]

[error occurred during error reporting (printing all threads), id 0xc0000005, EXCEPTION_ACCESS_VIOLATION (0xc0000005) at pc=0x00007ffbc5abff87]

VM state: not at safepoint (not fully initialized)

VM Mutex/Monitor currently owned by a thread:  ([mutex/lock_event])
[0x0000029de7aec3e0] Heap_lock - owner thread: 0x0000029de7af1000

Heap address: 0x0000000601000000, size: 8176 MB, Compressed Oops mode: Zero based, Oop shift amount: 3

CDS archive(s) mapped at: [0x0000000000000000-0x0000000000000000-0x0000000000000000), size 0, SharedBaseAddress: 0x0000000800000000, ArchiveRelocationMode: 0.
Narrow klass base: 0x0000000000000000, Narrow klass shift: 0, Narrow klass range: 0x0

GC Precious Log:
<Empty>

Heap:
 garbage-first heap   total 0K, used 0K [0x0000000601000000, 0x0000000800000000)
  region size 4096K, 0 young (0K), 0 survivors (0K)

[error occurred during error reporting (printing heap information), id 0xc0000005, EXCEPTION_ACCESS_VIOLATION (0xc0000005) at pc=0x00007ffbc5ead119]

GC Heap History (0 events):
No events

Deoptimization events (0 events):
No events

Classes unloaded (0 events):
No events

Classes redefined (0 events):
No events

Internal exceptions (0 events):
No events

VM Operations (0 events):
No events

Events (1 events):
Event: 0.004 Loaded shared library C:\Program Files\JetBrains\JetBrains Rider 2021.1.4\jbr\bin\java.dll


Dynamic libraries:
0x00007ff62d9e0000 - 0x00007ff62d9ea000 	C:\Program Files\JetBrains\JetBrains Rider 2021.1.4\jbr\bin\java.exe
0x00007ffcadc10000 - 0x00007ffcade08000 	C:\Windows\SYSTEM32\ntdll.dll
0x00007ffcabd50000 - 0x00007ffcabe0d000 	C:\Windows\System32\KERNEL32.DLL
0x00007ffcab490000 - 0x00007ffcab762000 	C:\Windows\System32\KERNELBASE.dll
0x00007ffcab320000 - 0x00007ffcab420000 	C:\Windows\System32\ucrtbase.dll
0x00007ffc85f20000 - 0x00007ffc85f37000 	C:\Program Files\JetBrains\JetBrains Rider 2021.1.4\jbr\bin\jli.dll
0x00007ffc84440000 - 0x00007ffc8445b000 	C:\Program Files\JetBrains\JetBrains Rider 2021.1.4\jbr\bin\VCRUNTIME140.dll
0x00007ffcacd60000 - 0x00007ffcacefd000 	C:\Windows\System32\USER32.dll
0x00007ffc9b770000 - 0x00007ffc9ba0a000 	C:\Windows\WinSxS\amd64_microsoft.windows.common-controls_6595b64144ccf1df_6.0.19041.1110_none_60b5254171f9507e\COMCTL32.dll
0x00007ffcabc40000 - 0x00007ffcabc62000 	C:\Windows\System32\win32u.dll
0x00007ffcadb00000 - 0x00007ffcadb9e000 	C:\Windows\System32\msvcrt.dll
0x00007ffcadba0000 - 0x00007ffcadbcb000 	C:\Windows\System32\GDI32.dll
0x00007ffcab820000 - 0x00007ffcab92f000 	C:\Windows\System32\gdi32full.dll
0x00007ffcabb10000 - 0x00007ffcabbad000 	C:\Windows\System32\msvcp_win.dll
0x00007ffcacf00000 - 0x00007ffcacf30000 	C:\Windows\System32\IMM32.DLL
0x00007ffca7300000 - 0x00007ffca730c000 	C:\Program Files\JetBrains\JetBrains Rider 2021.1.4\jbr\bin\vcruntime140_1.dll
0x00007ffc83dc0000 - 0x00007ffc83e4d000 	C:\Program Files\JetBrains\JetBrains Rider 2021.1.4\jbr\bin\msvcp140.dll
0x00007ffbc57d0000 - 0x00007ffbc6439000 	C:\Program Files\JetBrains\JetBrains Rider 2021.1.4\jbr\bin\server\jvm.dll
0x00007ffcac540000 - 0x00007ffcac5ee000 	C:\Windows\System32\ADVAPI32.dll
0x00007ffcaccc0000 - 0x00007ffcacd5c000 	C:\Windows\System32\sechost.dll
0x00007ffcad8f0000 - 0x00007ffcada15000 	C:\Windows\System32\RPCRT4.dll
0x00007ffcabd40000 - 0x00007ffcabd48000 	C:\Windows\System32\PSAPI.DLL
0x00007ffc913c0000 - 0x00007ffc913c9000 	C:\Windows\SYSTEM32\WSOCK32.dll
0x00007ffc9e260000 - 0x00007ffc9e287000 	C:\Windows\SYSTEM32\WINMM.dll
0x00007ffca2b40000 - 0x00007ffca2b4a000 	C:\Windows\SYSTEM32\VERSION.dll
0x00007ffcabef0000 - 0x00007ffcabf5b000 	C:\Windows\System32\WS2_32.dll
0x00007ffca91c0000 - 0x00007ffca91d2000 	C:\Windows\SYSTEM32\kernel.appcore.dll
0x00007ffca7320000 - 0x00007ffca732a000 	C:\Program Files\JetBrains\JetBrains Rider 2021.1.4\jbr\bin\jimage.dll
0x00007ffc9fd00000 - 0x00007ffc9fee4000 	C:\Windows\SYSTEM32\DBGHELP.DLL
0x00007ffc93d40000 - 0x00007ffc93d6c000 	C:\Windows\SYSTEM32\dbgcore.DLL
0x00007ffcabbb0000 - 0x00007ffcabc32000 	C:\Windows\System32\bcryptPrimitives.dll
0x00007ffc845c0000 - 0x00007ffc845e5000 	C:\Program Files\JetBrains\JetBrains Rider 2021.1.4\jbr\bin\java.dll

dbghelp: loaded successfully - version: 4.0.5 - missing functions: none
symbol engine: initialized successfully - sym options: 0x614 - pdb path: .;C:\Program Files\JetBrains\JetBrains Rider 2021.1.4\jbr\bin;C:\Windows\SYSTEM32;C:\Windows\WinSxS\amd64_microsoft.windows.common-controls_6595b64144ccf1df_6.0.19041.1110_none_60b5254171f9507e;C:\Program Files\JetBrains\JetBrains Rider 2021.1.4\jbr\bin\server

VM Arguments:
java_command: git4idea.http.GitAskPassApp Username for 'https://github.com': 
java_class_path (initial): C:/Program Files/JetBrains/JetBrains Rider 2021.1.4/plugins/git4idea/lib/git4idea-rt.jar;C:/Program Files/JetBrains/JetBrains Rider 2021.1.4/lib/externalProcess-rt.jar;C:/Program Files/JetBrains/JetBrains Rider 2021.1.4/lib/app.jar;C:/Program Files/JetBrains/JetBrains Rider 2021.1.4/lib/3rd-party-rt.jar
Launcher Type: SUN_STANDARD

[Global flags]
     intx CICompilerCount                          = 12                                        {product} {ergonomic}
     uint ConcGCThreads                            = 5                                         {product} {ergonomic}
     uint G1ConcRefinementThreads                  = 18                                        {product} {ergonomic}
   size_t G1HeapRegionSize                         = 4194304                                   {product} {ergonomic}
    uintx GCDrainStackTargetSize                   = 64                                        {product} {ergonomic}
   size_t InitialHeapSize                          = 536870912                                 {product} {ergonomic}
   size_t MarkStackSize                            = 4194304                                   {product} {ergonomic}
   size_t MaxHeapSize                              = 8573157376                                {product} {ergonomic}
   size_t MinHeapDeltaBytes                        = 4194304                                   {product} {ergonomic}
   size_t MinHeapSize                              = 8388608                                   {product} {ergonomic}
    uintx NonNMethodCodeHeapSize                   = 7602480                                {pd product} {ergonomic}
    uintx NonProfiledCodeHeapSize                  = 122027880                              {pd product} {ergonomic}
    uintx ProfiledCodeHeapSize                     = 122027880                              {pd product} {ergonomic}
    uintx ReservedCodeCacheSize                    = 251658240                              {pd product} {ergonomic}
     bool SegmentedCodeCache                       = true                                      {product} {ergonomic}
   size_t SoftMaxHeapSize                          = 8573157376                             {manageable} {ergonomic}
     bool UseCompressedClassPointers               = true                           {product lp64_product} {ergonomic}
     bool UseCompressedOops                        = true                           {product lp64_product} {ergonomic}
     bool UseG1GC                                  = true                                      {product} {ergonomic}
     bool UseLargePagesIndividualAllocation        = false                                  {pd product} {ergonomic}

Logging:
Log output configuration:
 #0: stdout all=warning uptime,level,tags
 #1: stderr all=off uptime,level,tags

Environment Variables:
PATH=C:\Program Files\Git\mingw64\libexec\git-core;C:\Program Files\Git\mingw64\libexec\git-core;C:\Program Files\Git\mingw64\bin;C:\Program Files\Git\usr\bin;C:\Users\ebona\bin;C:\Program Files (x86)\Razer\ChromaBroadcast\bin;C:\Program Files\Razer\ChromaBroadcast\bin;C:\Windows\system32;C:\Windows;C:\Windows\System32\Wbem;C:\Windows\System32\WindowsPowerShell\v1.0;C:\Windows\System32\OpenSSH;C:\Program Files\Microsoft SQL Server\130\Tools\Binn;C:\Program Files\Microsoft SQL Server\Client SDK\ODBC\170\Tools\Binn;C:\Program Files\dotnet;C:\Program Files\Git\cmd;C:\Program Files\nodejs;C:\Program Files\PostgreSQL\13\scripts;C:\Program Files (x86)\dotnet;C:\Program Files\CMake\bin;C:\Program Files (x86)\NVIDIA Corporation\PhysX\Common;C:\Program Files\NVIDIA Corporation\NVIDIA NvDLISR;C:\Program Files (x86)\Calibre2;C:\Program Files\Docker\Docker\resources\bin;C:\ProgramData\DockerDesktop\version-bin;C:\Windows\system32\config\systemprofile\AppData\Local\Microsoft\WindowsApps;C:\Program Files\PowerShell\7;C:\Users\ebona\AppData\Local\Microsoft\WindowsApps;C:\Users\ebona\AppData\Local\Programs\Microsoft VS Code\bin;C:\Program Files (x86)\Microsoft Visual Studio\Shared\Python37_64\Scripts;C:\Users\ebona\.dotnet\tools;C:\Users\ebona\AppData\Roaming\npm;E:\CLion 2022.1\bin;C:\Users\ebona\AppData\Local\GitHubDesktop\bin
USERNAME=ebona
DISPLAY=:0.0
LC_ALL=en_US.UTF-8
TERM=cygwin
TMPDIR=C:\Users\ebona\AppData\Local\Temp
OS=Windows_NT
PROCESSOR_IDENTIFIER=AMD64 Family 23 Model 113 Stepping 0, AuthenticAMD
TMP=C:\Users\ebona\AppData\Local\Temp
TEMP=C:\Users\ebona\AppData\Local\Temp



---------------  S Y S T E M  ---------------

OS:
 Windows 10 , 64 bit Build 19041 (10.0.19041.1889)
OS uptime: 1 days 1:17 hours
Hyper-V role detected

CPU: total 24 (initial active 24) (24 cores per cpu, 2 threads per core) family 23 model 113 stepping 0 microcode 0x0, cx8, cmov, fxsr, ht, mmx, 3dnowpref, sse, sse2, sse3, ssse3, sse4a, sse4.1, sse4.2, popcnt, lzcnt, tsc, tscinvbit, avx, avx2, aes, clmul, bmi1, bmi2, adx, sha, fma, vzeroupper, clflush, clflushopt, hv

Memory: 4k page, system-wide physical 32692M (8729M free)
TotalPageFile size 130996M (AvailPageFile size 476M)
current process WorkingSet (physical memory assigned to process): 10M, peak: 10M
current process commit charge ("private bytes"): 81M, peak: 593M

vm_info: OpenJDK 64-Bit Server VM (17.0.4+7-b469.53) for windows-amd64 JRE (17.0.4+7-b469.53), built on 2022-08-29 by "builduser" with MS VC++ 16.10 / 16.11 (VS2019)

END.
